# JRE version: OpenJDK Runtime Environment Temurin-21.0.9+10 (21.0.9+10) (build 21.0.9+10-LTS)
# Java VM: OpenJDK 64-Bit Server VM Temurin-21.0.9+10 (21.0.9+10-LTS, mixed mode, sharing, tiered, compressed oops, compressed class ptrs, parallel gc, windows-amd64)
GC Precious Log:
 CardTable entry size: 512
 CPUs: 4 total, 4 available
 Memory: 4017M
 Large Page Support: Disabled
 NUMA Support: Disabled
 Compressed Oops: Enabled (32-bit)
 Alignments: Space 512K, Generation 512K, Heap 2M
 Heap Min Capacity: 100M
 Heap Initial Capacity: 100M
 Heap Max Capacity: 2G
 Pre-touch: Disabled
 Parallel Workers: 4
Heap:
 PSYoungGen      total 22016K, used 1623K [0x00000000d5580000, 0x00000000d6e80000, 0x0000000100000000)
  eden space 21504K, 5% used [0x00000000d5580000,0x00000000d5697a90,0x00000000d6a80000)
  from space 512K, 98% used [0x00000000d6d80000,0x00000000d6dfe1a8,0x00000000d6e00000)
  to   space 512K, 0% used [0x00000000d6e00000,0x00000000d6e00000,0x00000000d6e80000)
 ParOldGen       total 68608K, used 45868K [0x0000000080000000, 0x0000000084300000, 0x00000000d5580000)
  object space 68608K, 66% used [0x0000000080000000,0x0000000082ccb1a0,0x0000000084300000)
 Metaspace       used 71405K, committed 72896K, reserved 1114112K
  class space    used 8948K, committed 9664K, reserved 1048576K
GC Heap History (20 events):
Event: 386.070 GC heap before
{Heap before GC invocations=59 (full 3):
 PSYoungGen      total 23040K, used 22064K [0x00000000d5580000, 0x00000000d6f80000, 0x0000000100000000)
  eden space 21504K, 100% used [0x00000000d5580000,0x00000000d6a80000,0x00000000d6a80000)
  from space 1536K, 36% used [0x00000000d6c80000,0x00000000d6d0c0d0,0x00000000d6e00000)
  to   space 1024K, 0% used [0x00000000d6e80000,0x00000000d6e80000,0x00000000d6f80000)
 ParOldGen       total 68608K, used 43833K [0x0000000080000000, 0x0000000084300000, 0x00000000d5580000)
  object space 68608K, 63% used [0x0000000080000000,0x0000000082ace478,0x0000000084300000)
 Metaspace       used 66414K, committed 67712K, reserved 1114112K
  class space    used 8322K, committed 8896K, reserved 1048576K
}
Event: 386.071 GC heap after
{Heap after GC invocations=59 (full 3):
 PSYoungGen      total 22016K, used 160K [0x00000000d5580000, 0x00000000d6f00000, 0x0000000100000000)
  eden space 21504K, 0% used [0x00000000d5580000,0x00000000d5580000,0x00000000d6a80000)
  from space 512K, 31% used [0x00000000d6e80000,0x00000000d6ea8000,0x00000000d6f00000)
  to   space 512K, 0% used [0x00000000d6e00000,0x00000000d6e00000,0x00000000d6e80000)
 ParOldGen       total 68608K, used 43865K [0x0000000080000000, 0x0000000084300000, 0x00000000d5580000)
  object space 68608K, 63% used [0x0000000080000000,0x0000000082ad6478,0x0000000084300000)
 Metaspace       used 66414K, committed 67712K, reserved 1114112K
  class space    used 8322K, committed 8896K, reserved 1048576K
}
Event: 386.342 GC heap before
{Heap before GC invocations=60 (full 3):
 PSYoungGen      total 22016K, used 21664K [0x00000000d5580000, 0x00000000d6f00000, 0x0000000100000000)
  eden space 21504K, 100% used [0x00000000d5580000,0x00000000d6a80000,0x00000000d6a80000)
  from space 512K, 31% used [0x00000000d6e80000,0x00000000d6ea8000,0x00000000d6f00000)
  to   space 512K, 0% used [0x00000000d6e00000,0x00000000d6e00000,0x00000000d6e80000)
 ParOldGen       total 68608K, used 43865K [0x0000000080000000, 0x0000000084300000, 0x00000000d5580000)
  object space 68608K, 63% used [0x0000000080000000,0x0000000082ad6478,0x0000000084300000)
 Metaspace       used 66414K, committed 67712K, reserved 1114112K
  class space    used 8322K, committed 8896K, reserved 1048576K
}
Event: 386.342 GC heap after
{Heap after GC invocations=60 (full 3):
 PSYoungGen      total 22016K, used 333K [0x00000000d5580000, 0x00000000d6f00000, 0x0000000100000000)
  eden space 21504K, 0% used [0x00000000d5580000,0x00000000d5580000,0x00000000d6a80000)
  from space 512K, 65% used [0x00000000d6e00000,0x00000000d6e53420,0x00000000d6e80000)
  to   space 512K, 0% used [0x00000000d6e80000,0x00000000d6e80000,0x00000000d6f00000)
 ParOldGen       total 68608K, used 43873K [0x0000000080000000, 0x0000000084300000, 0x00000000d5580000)
  object space 68608K, 63% used [0x0000000080000000,0x0000000082ad8478,0x0000000084300000)
 Metaspace       used 66414K, committed 67712K, reserved 1114112K
  class space    used 8322K, committed 8896K, reserved 1048576K
}
Event: 386.609 GC heap before
{Heap before GC invocations=61 (full 3):
 PSYoungGen      total 22016K, used 21837K [0x00000000d5580000, 0x00000000d6f00000, 0x0000000100000000)
  eden space 21504K, 100% used [0x00000000d5580000,0x00000000d6a80000,0x00000000d6a80000)
  from space 512K, 65% used [0x00000000d6e00000,0x00000000d6e53420,0x00000000d6e80000)
  to   space 512K, 0% used [0x00000000d6e80000,0x00000000d6e80000,0x00000000d6f00000)
 ParOldGen       total 68608K, used 43873K [0x0000000080000000, 0x0000000084300000, 0x00000000d5580000)
  object space 68608K, 63% used [0x0000000080000000,0x0000000082ad8478,0x0000000084300000)
 Metaspace       used 66414K, committed 67712K, reserved 1114112K
  class space    used 8322K, committed 8896K, reserved 1048576K
}
Event: 386.610 GC heap after
{Heap after GC invocations=61 (full 3):
 PSYoungGen      total 22016K, used 160K [0x00000000d5580000, 0x00000000d6f00000, 0x0000000100000000)
  eden space 21504K, 0% used [0x00000000d5580000,0x00000000d5580000,0x00000000d6a80000)
  from space 512K, 31% used [0x00000000d6e80000,0x00000000d6ea8000,0x00000000d6f00000)
  to   space 512K, 0% used [0x00000000d6e00000,0x00000000d6e00000,0x00000000d6e80000)
 ParOldGen       total 68608K, used 43889K [0x0000000080000000, 0x0000000084300000, 0x00000000d5580000)
  object space 68608K, 63% used [0x0000000080000000,0x0000000082adc478,0x0000000084300000)
 Metaspace       used 66414K, committed 67712K, reserved 1114112K
  class space    used 8322K, committed 8896K, reserved 1048576K
}
Event: 386.919 GC heap before
{Heap before GC invocations=62 (full 3):
 PSYoungGen      total 22016K, used 21664K [0x00000000d5580000, 0x00000000d6f00000, 0x0000000100000000)
  eden space 21504K, 100% used [0x00000000d5580000,0x00000000d6a80000,0x00000000d6a80000)
  from space 512K, 31% used [0x00000000d6e80000,0x00000000d6ea8000,0x00000000d6f00000)
  to   space 512K, 0% used [0x00000000d6e00000,0x00000000d6e00000,0x00000000d6e80000)
 ParOldGen       total 68608K, used 43889K [0x0000000080000000, 0x0000000084300000, 0x00000000d5580000)
  object space 68608K, 63% used [0x0000000080000000,0x0000000082adc478,0x0000000084300000)
 Metaspace       used 66414K, committed 67712K, reserved 1114112K
  class space    used 8322K, committed 8896K, reserved 1048576K
}
Event: 386.920 GC heap after
{Heap after GC invocations=62 (full 3):
 PSYoungGen      total 22016K, used 256K [0x00000000d5580000, 0x00000000d6f00000, 0x0000000100000000)
  eden space 21504K, 0% used [0x00000000d5580000,0x00000000d5580000,0x00000000d6a80000)
  from space 512K, 50% used [0x00000000d6e00000,0x00000000d6e40000,0x00000000d6e80000)
  to   space 512K, 0% used [0x00000000d6e80000,0x00000000d6e80000,0x00000000d6f00000)
 ParOldGen       total 68608K, used 43939K [0x0000000080000000, 0x0000000084300000, 0x00000000d5580000)
  object space 68608K, 64% used [0x0000000080000000,0x0000000082ae8ce0,0x0000000084300000)
 Metaspace       used 66414K, committed 67712K, reserved 1114112K
  class space    used 8322K, committed 8896K, reserved 1048576K
}
Event: 387.181 GC heap before
{Heap before GC invocations=63 (full 3):
 PSYoungGen      total 22016K, used 21760K [0x00000000d5580000, 0x00000000d6f00000, 0x0000000100000000)
  eden space 21504K, 100% used [0x00000000d5580000,0x00000000d6a80000,0x00000000d6a80000)
  from space 512K, 50% used [0x00000000d6e00000,0x00000000d6e40000,0x00000000d6e80000)
  to   space 512K, 0% used [0x00000000d6e80000,0x00000000d6e80000,0x00000000d6f00000)
 ParOldGen       total 68608K, used 43939K [0x0000000080000000, 0x0000000084300000, 0x00000000d5580000)
  object space 68608K, 64% used [0x0000000080000000,0x0000000082ae8ce0,0x0000000084300000)
 Metaspace       used 66414K, committed 67712K, reserved 1114112K
  class space    used 8322K, committed 8896K, reserved 1048576K
}
Event: 387.182 GC heap after
{Heap after GC invocations=63 (full 3):
 PSYoungGen      total 22016K, used 496K [0x00000000d5580000, 0x00000000d6f00000, 0x0000000100000000)
  eden space 21504K, 0% used [0x00000000d5580000,0x00000000d5580000,0x00000000d6a80000)
  from space 512K, 97% used [0x00000000d6e80000,0x00000000d6efc3f0,0x00000000d6f00000)
  to   space 1024K, 0% used [0x00000000d6d00000,0x00000000d6d00000,0x00000000d6e00000)
 ParOldGen       total 68608K, used 44087K [0x0000000080000000, 0x0000000084300000, 0x00000000d5580000)
  object space 68608K, 64% used [0x0000000080000000,0x0000000082b0dcb0,0x0000000084300000)
 Metaspace       used 66414K, committed 67712K, reserved 1114112K
  class space    used 8322K, committed 8896K, reserved 1048576K
}
Event: 397.519 GC heap before
{Heap before GC invocations=64 (full 3):
 PSYoungGen      total 22016K, used 22000K [0x00000000d5580000, 0x00000000d6f00000, 0x0000000100000000)
  eden space 21504K, 100% used [0x00000000d5580000,0x00000000d6a80000,0x00000000d6a80000)
  from space 512K, 97% used [0x00000000d6e80000,0x00000000d6efc3f0,0x00000000d6f00000)
  to   space 1024K, 0% used [0x00000000d6d00000,0x00000000d6d00000,0x00000000d6e00000)
 ParOldGen       total 68608K, used 44087K [0x0000000080000000, 0x0000000084300000, 0x00000000d5580000)
  object space 68608K, 64% used [0x0000000080000000,0x0000000082b0dcb0,0x0000000084300000)
 Metaspace       used 68180K, committed 69504K, reserved 1114112K
  class space    used 8554K, committed 9152K, reserved 1048576K
}
Event: 397.523 GC heap after
{Heap after GC invocations=64 (full 3):
 PSYoungGen      total 22528K, used 384K [0x00000000d5580000, 0x00000000d6f00000, 0x0000000100000000)
  eden space 21504K, 0% used [0x00000000d5580000,0x00000000d5580000,0x00000000d6a80000)
  from space 1024K, 37% used [0x00000000d6d00000,0x00000000d6d60010,0x00000000d6e00000)
  to   space 512K, 0% used [0x00000000d6e80000,0x00000000d6e80000,0x00000000d6f00000)
 ParOldGen       total 68608K, used 44111K [0x0000000080000000, 0x0000000084300000, 0x00000000d5580000)
  object space 68608K, 64% used [0x0000000080000000,0x0000000082b13cb0,0x0000000084300000)
 Metaspace       used 68180K, committed 69504K, reserved 1114112K
  class space    used 8554K, committed 9152K, reserved 1048576K
}
Event: 450.033 GC heap before
{Heap before GC invocations=65 (full 3):
 PSYoungGen      total 22528K, used 21888K [0x00000000d5580000, 0x00000000d6f00000, 0x0000000100000000)
  eden space 21504K, 100% used [0x00000000d5580000,0x00000000d6a80000,0x00000000d6a80000)
  from space 1024K, 37% used [0x00000000d6d00000,0x00000000d6d60010,0x00000000d6e00000)
  to   space 512K, 0% used [0x00000000d6e80000,0x00000000d6e80000,0x00000000d6f00000)
 ParOldGen       total 68608K, used 44111K [0x0000000080000000, 0x0000000084300000, 0x00000000d5580000)
  object space 68608K, 64% used [0x0000000080000000,0x0000000082b13cb0,0x0000000084300000)
 Metaspace       used 69151K, committed 70528K, reserved 1114112K
  class space    used 8665K, committed 9280K, reserved 1048576K
}
Event: 450.037 GC heap after
{Heap after GC invocations=65 (full 3):
 PSYoungGen      total 22016K, used 512K [0x00000000d5580000, 0x00000000d6f00000, 0x0000000100000000)
  eden space 21504K, 0% used [0x00000000d5580000,0x00000000d5580000,0x00000000d6a80000)
  from space 512K, 100% used [0x00000000d6e80000,0x00000000d6f00000,0x00000000d6f00000)
  to   space 1536K, 0% used [0x00000000d6c00000,0x00000000d6c00000,0x00000000d6d80000)
 ParOldGen       total 68608K, used 44873K [0x0000000080000000, 0x0000000084300000, 0x00000000d5580000)
  object space 68608K, 65% used [0x0000000080000000,0x0000000082bd26f0,0x0000000084300000)
 Metaspace       used 69151K, committed 70528K, reserved 1114112K
  class space    used 8665K, committed 9280K, reserved 1048576K
}
Event: 456.498 GC heap before
{Heap before GC invocations=66 (full 3):
 PSYoungGen      total 22016K, used 22016K [0x00000000d5580000, 0x00000000d6f00000, 0x0000000100000000)
  eden space 21504K, 100% used [0x00000000d5580000,0x00000000d6a80000,0x00000000d6a80000)
  from space 512K, 100% used [0x00000000d6e80000,0x00000000d6f00000,0x00000000d6f00000)
  to   space 1536K, 0% used [0x00000000d6c00000,0x00000000d6c00000,0x00000000d6d80000)
 ParOldGen       total 68608K, used 44873K [0x0000000080000000, 0x0000000084300000, 0x00000000d5580000)
  object space 68608K, 65% used [0x0000000080000000,0x0000000082bd26f0,0x0000000084300000)
 Metaspace       used 69757K, committed 71104K, reserved 1114112K
  class space    used 8740K, committed 9344K, reserved 1048576K
}
Event: 456.501 GC heap after
{Heap after GC invocations=66 (full 3):
 PSYoungGen      total 23040K, used 479K [0x00000000d5580000, 0x00000000d6f00000, 0x0000000100000000)
  eden space 21504K, 0% used [0x00000000d5580000,0x00000000d5580000,0x00000000d6a80000)
  from space 1536K, 31% used [0x00000000d6c00000,0x00000000d6c77f40,0x00000000d6d80000)
  to   space 1024K, 0% used [0x00000000d6e00000,0x00000000d6e00000,0x00000000d6f00000)
 ParOldGen       total 68608K, used 45380K [0x0000000080000000, 0x0000000084300000, 0x00000000d5580000)
  object space 68608K, 66% used [0x0000000080000000,0x0000000082c51260,0x0000000084300000)
 Metaspace       used 69757K, committed 71104K, reserved 1114112K
  class space    used 8740K, committed 9344K, reserved 1048576K
}
Event: 458.353 GC heap before
{Heap before GC invocations=67 (full 3):
 PSYoungGen      total 23040K, used 21983K [0x00000000d5580000, 0x00000000d6f00000, 0x0000000100000000)
  eden space 21504K, 100% used [0x00000000d5580000,0x00000000d6a80000,0x00000000d6a80000)
  from space 1536K, 31% used [0x00000000d6c00000,0x00000000d6c77f40,0x00000000d6d80000)
  to   space 1024K, 0% used [0x00000000d6e00000,0x00000000d6e00000,0x00000000d6f00000)
 ParOldGen       total 68608K, used 45380K [0x0000000080000000, 0x0000000084300000, 0x00000000d5580000)
  object space 68608K, 66% used [0x0000000080000000,0x0000000082c51260,0x0000000084300000)
 Metaspace       used 69763K, committed 71104K, reserved 1114112K
  class space    used 8741K, committed 9344K, reserved 1048576K
}
Event: 458.357 GC heap after
{Heap after GC invocations=67 (full 3):
 PSYoungGen      total 22016K, used 128K [0x00000000d5580000, 0x00000000d6e80000, 0x0000000100000000)
  eden space 21504K, 0% used [0x00000000d5580000,0x00000000d5580000,0x00000000d6a80000)
  from space 512K, 25% used [0x00000000d6e00000,0x00000000d6e20000,0x00000000d6e80000)
  to   space 512K, 0% used [0x00000000d6d80000,0x00000000d6d80000,0x00000000d6e00000)
 ParOldGen       total 68608K, used 45772K [0x0000000080000000, 0x0000000084300000, 0x00000000d5580000)
  object space 68608K, 66% used [0x0000000080000000,0x0000000082cb31a0,0x0000000084300000)
 Metaspace       used 69763K, committed 71104K, reserved 1114112K
  class space    used 8741K, committed 9344K, reserved 1048576K
}
Event: 462.749 GC heap before
{Heap before GC invocations=68 (full 3):
 PSYoungGen      total 22016K, used 21632K [0x00000000d5580000, 0x00000000d6e80000, 0x0000000100000000)
  eden space 21504K, 100% used [0x00000000d5580000,0x00000000d6a80000,0x00000000d6a80000)
  from space 512K, 25% used [0x00000000d6e00000,0x00000000d6e20000,0x00000000d6e80000)
  to   space 512K, 0% used [0x00000000d6d80000,0x00000000d6d80000,0x00000000d6e00000)
 ParOldGen       total 68608K, used 45772K [0x0000000080000000, 0x0000000084300000, 0x00000000d5580000)
  object space 68608K, 66% used [0x0000000080000000,0x0000000082cb31a0,0x0000000084300000)
 Metaspace       used 71338K, committed 72832K, reserved 1114112K
  class space    used 8937K, committed 9664K, reserved 1048576K
}
Event: 462.754 GC heap after
{Heap after GC invocations=68 (full 3):
 PSYoungGen      total 22016K, used 504K [0x00000000d5580000, 0x00000000d6e80000, 0x0000000100000000)
  eden space 21504K, 0% used [0x00000000d5580000,0x00000000d5580000,0x00000000d6a80000)
  from space 512K, 98% used [0x00000000d6d80000,0x00000000d6dfe1a8,0x00000000d6e00000)
  to   space 512K, 0% used [0x00000000d6e00000,0x00000000d6e00000,0x00000000d6e80000)
 ParOldGen       total 68608K, used 45868K [0x0000000080000000, 0x0000000084300000, 0x00000000d5580000)
  object space 68608K, 66% used [0x0000000080000000,0x0000000082ccb1a0,0x0000000084300000)
 Metaspace       used 71338K, committed 72832K, reserved 1114112K
  class space    used 8937K, committed 9664K, reserved 1048576K
}

