# JRE version: OpenJDK Runtime Environment Temurin-21.0.8+9 (21.0.8+9) (build 21.0.8+9-LTS)
# Java VM: OpenJDK 64-Bit Server VM Temurin-21.0.8+9 (21.0.8+9-LTS, mixed mode, sharing, tiered, compressed oops, compressed class ptrs, parallel gc, windows-amd64)
GC Precious Log:
 CardTable entry size: 512
 CPUs: 4 total, 4 available
 Memory: 4017M
 Large Page Support: Disabled
 NUMA Support: Disabled
 Compressed Oops: Enabled (32-bit)
 Alignments: Space 512K, Generation 512K, Heap 2M
 Heap Min Capacity: 100M
 Heap Initial Capacity: 100M
 Heap Max Capacity: 2G
 Pre-touch: Disabled
 Parallel Workers: 4
Heap:
 PSYoungGen      total 18944K, used 6730K [0x00000000d5580000, 0x00000000d6f80000, 0x0000000100000000)
  eden space 18432K, 36% used [0x00000000d5580000,0x00000000d5c128a0,0x00000000d6780000)
  from space 512K, 0% used [0x00000000d6f00000,0x00000000d6f00000,0x00000000d6f80000)
  to   space 512K, 0% used [0x00000000d6e80000,0x00000000d6e80000,0x00000000d6f00000)
 ParOldGen       total 68608K, used 39896K [0x0000000080000000, 0x0000000084300000, 0x00000000d5580000)
  object space 68608K, 58% used [0x0000000080000000,0x00000000826f60b8,0x0000000084300000)
 Metaspace       used 59167K, committed 60352K, reserved 1114112K
  class space    used 7001K, committed 7488K, reserved 1048576K
GC Heap History (20 events):
Event: 87.069 GC heap before
{Heap before GC invocations=28 (full 2):
 PSYoungGen      total 19968K, used 18560K [0x00000000d5580000, 0x00000000d6b00000, 0x0000000100000000)
  eden space 18432K, 100% used [0x00000000d5580000,0x00000000d6780000,0x00000000d6780000)
  from space 1536K, 8% used [0x00000000d6880000,0x00000000d68a0000,0x00000000d6a00000)
  to   space 512K, 0% used [0x00000000d6a80000,0x00000000d6a80000,0x00000000d6b00000)
 ParOldGen       total 68608K, used 28389K [0x0000000080000000, 0x0000000084300000, 0x00000000d5580000)
  object space 68608K, 41% used [0x0000000080000000,0x0000000081bb96c8,0x0000000084300000)
 Metaspace       used 52772K, committed 53888K, reserved 1114112K
  class space    used 5886K, committed 6336K, reserved 1048576K
}
Event: 87.072 GC heap after
{Heap after GC invocations=28 (full 2):
 PSYoungGen      total 18944K, used 496K [0x00000000d5580000, 0x00000000d6b80000, 0x0000000100000000)
  eden space 18432K, 0% used [0x00000000d5580000,0x00000000d5580000,0x00000000d6780000)
  from space 512K, 97% used [0x00000000d6a80000,0x00000000d6afc298,0x00000000d6b00000)
  to   space 2048K, 0% used [0x00000000d6780000,0x00000000d6780000,0x00000000d6980000)
 ParOldGen       total 68608K, used 29461K [0x0000000080000000, 0x0000000084300000, 0x00000000d5580000)
  object space 68608K, 42% used [0x0000000080000000,0x0000000081cc5520,0x0000000084300000)
 Metaspace       used 52772K, committed 53888K, reserved 1114112K
  class space    used 5886K, committed 6336K, reserved 1048576K
}
Event: 105.606 GC heap before
{Heap before GC invocations=29 (full 2):
 PSYoungGen      total 18944K, used 18928K [0x00000000d5580000, 0x00000000d6b80000, 0x0000000100000000)
  eden space 18432K, 100% used [0x00000000d5580000,0x00000000d6780000,0x00000000d6780000)
  from space 512K, 97% used [0x00000000d6a80000,0x00000000d6afc298,0x00000000d6b00000)
  to   space 2048K, 0% used [0x00000000d6780000,0x00000000d6780000,0x00000000d6980000)
 ParOldGen       total 68608K, used 29461K [0x0000000080000000, 0x0000000084300000, 0x00000000d5580000)
  object space 68608K, 42% used [0x0000000080000000,0x0000000081cc5520,0x0000000084300000)
 Metaspace       used 53594K, committed 54720K, reserved 1114112K
  class space    used 6019K, committed 6464K, reserved 1048576K
}
Event: 105.724 GC heap after
{Heap after GC invocations=29 (full 2):
 PSYoungGen      total 20480K, used 2038K [0x00000000d5580000, 0x00000000d7980000, 0x0000000100000000)
  eden space 18432K, 0% used [0x00000000d5580000,0x00000000d5580000,0x00000000d6780000)
  from space 2048K, 99% used [0x00000000d6780000,0x00000000d697db80,0x00000000d6980000)
  to   space 9216K, 0% used [0x00000000d7080000,0x00000000d7080000,0x00000000d7980000)
 ParOldGen       total 68608K, used 35252K [0x0000000080000000, 0x0000000084300000, 0x00000000d5580000)
  object space 68608K, 51% used [0x0000000080000000,0x000000008226d188,0x0000000084300000)
 Metaspace       used 53594K, committed 54720K, reserved 1114112K
  class space    used 6019K, committed 6464K, reserved 1048576K
}
Event: 107.497 GC heap before
{Heap before GC invocations=30 (full 2):
 PSYoungGen      total 20480K, used 20470K [0x00000000d5580000, 0x00000000d7980000, 0x0000000100000000)
  eden space 18432K, 100% used [0x00000000d5580000,0x00000000d6780000,0x00000000d6780000)
  from space 2048K, 99% used [0x00000000d6780000,0x00000000d697db80,0x00000000d6980000)
  to   space 9216K, 0% used [0x00000000d7080000,0x00000000d7080000,0x00000000d7980000)
 ParOldGen       total 68608K, used 35252K [0x0000000080000000, 0x0000000084300000, 0x00000000d5580000)
  object space 68608K, 51% used [0x0000000080000000,0x000000008226d188,0x0000000084300000)
 Metaspace       used 54923K, committed 56000K, reserved 1114112K
  class space    used 6255K, committed 6720K, reserved 1048576K
}
Event: 107.501 GC heap after
{Heap after GC invocations=30 (full 2):
 PSYoungGen      total 19456K, used 704K [0x00000000d5580000, 0x00000000d7180000, 0x0000000100000000)
  eden space 18432K, 0% used [0x00000000d5580000,0x00000000d5580000,0x00000000d6780000)
  from space 1024K, 68% used [0x00000000d7080000,0x00000000d7130000,0x00000000d7180000)
  to   space 3584K, 0% used [0x00000000d6a80000,0x00000000d6a80000,0x00000000d6e00000)
 ParOldGen       total 68608K, used 37239K [0x0000000080000000, 0x0000000084300000, 0x00000000d5580000)
  object space 68608K, 54% used [0x0000000080000000,0x000000008245dd20,0x0000000084300000)
 Metaspace       used 54923K, committed 56000K, reserved 1114112K
  class space    used 6255K, committed 6720K, reserved 1048576K
}
Event: 108.134 GC heap before
{Heap before GC invocations=31 (full 2):
 PSYoungGen      total 19456K, used 19136K [0x00000000d5580000, 0x00000000d7180000, 0x0000000100000000)
  eden space 18432K, 100% used [0x00000000d5580000,0x00000000d6780000,0x00000000d6780000)
  from space 1024K, 68% used [0x00000000d7080000,0x00000000d7130000,0x00000000d7180000)
  to   space 3584K, 0% used [0x00000000d6a80000,0x00000000d6a80000,0x00000000d6e00000)
 ParOldGen       total 68608K, used 37239K [0x0000000080000000, 0x0000000084300000, 0x00000000d5580000)
  object space 68608K, 54% used [0x0000000080000000,0x000000008245dd20,0x0000000084300000)
 Metaspace       used 55149K, committed 56256K, reserved 1114112K
  class space    used 6279K, committed 6720K, reserved 1048576K
}
Event: 108.137 GC heap after
{Heap after GC invocations=31 (full 2):
 PSYoungGen      total 22016K, used 544K [0x00000000d5580000, 0x00000000d7100000, 0x0000000100000000)
  eden space 18432K, 0% used [0x00000000d5580000,0x00000000d5580000,0x00000000d6780000)
  from space 3584K, 15% used [0x00000000d6a80000,0x00000000d6b08000,0x00000000d6e00000)
  to   space 1536K, 0% used [0x00000000d6f80000,0x00000000d6f80000,0x00000000d7100000)
 ParOldGen       total 68608K, used 37887K [0x0000000080000000, 0x0000000084300000, 0x00000000d5580000)
  object space 68608K, 55% used [0x0000000080000000,0x00000000824ffd30,0x0000000084300000)
 Metaspace       used 55149K, committed 56256K, reserved 1114112K
  class space    used 6279K, committed 6720K, reserved 1048576K
}
Event: 117.923 GC heap before
{Heap before GC invocations=32 (full 2):
 PSYoungGen      total 22016K, used 18976K [0x00000000d5580000, 0x00000000d7100000, 0x0000000100000000)
  eden space 18432K, 100% used [0x00000000d5580000,0x00000000d6780000,0x00000000d6780000)
  from space 3584K, 15% used [0x00000000d6a80000,0x00000000d6b08000,0x00000000d6e00000)
  to   space 1536K, 0% used [0x00000000d6f80000,0x00000000d6f80000,0x00000000d7100000)
 ParOldGen       total 68608K, used 37887K [0x0000000080000000, 0x0000000084300000, 0x00000000d5580000)
  object space 68608K, 55% used [0x0000000080000000,0x00000000824ffd30,0x0000000084300000)
 Metaspace       used 55156K, committed 56256K, reserved 1114112K
  class space    used 6279K, committed 6720K, reserved 1048576K
}
Event: 117.927 GC heap after
{Heap after GC invocations=32 (full 2):
 PSYoungGen      total 19456K, used 544K [0x00000000d5580000, 0x00000000d7080000, 0x0000000100000000)
  eden space 18432K, 0% used [0x00000000d5580000,0x00000000d5580000,0x00000000d6780000)
  from space 1024K, 53% used [0x00000000d6f80000,0x00000000d7008000,0x00000000d7080000)
  to   space 1024K, 0% used [0x00000000d6e80000,0x00000000d6e80000,0x00000000d6f80000)
 ParOldGen       total 68608K, used 38312K [0x0000000080000000, 0x0000000084300000, 0x00000000d5580000)
  object space 68608K, 55% used [0x0000000080000000,0x000000008256a0d0,0x0000000084300000)
 Metaspace       used 55156K, committed 56256K, reserved 1114112K
  class space    used 6279K, committed 6720K, reserved 1048576K
}
Event: 131.921 GC heap before
{Heap before GC invocations=33 (full 2):
 PSYoungGen      total 19456K, used 18976K [0x00000000d5580000, 0x00000000d7080000, 0x0000000100000000)
  eden space 18432K, 100% used [0x00000000d5580000,0x00000000d6780000,0x00000000d6780000)
  from space 1024K, 53% used [0x00000000d6f80000,0x00000000d7008000,0x00000000d7080000)
  to   space 1024K, 0% used [0x00000000d6e80000,0x00000000d6e80000,0x00000000d6f80000)
 ParOldGen       total 68608K, used 38312K [0x0000000080000000, 0x0000000084300000, 0x00000000d5580000)
  object space 68608K, 55% used [0x0000000080000000,0x000000008256a0d0,0x0000000084300000)
 Metaspace       used 55169K, committed 56256K, reserved 1114112K
  class space    used 6280K, committed 6720K, reserved 1048576K
}
Event: 131.930 GC heap after
{Heap after GC invocations=33 (full 2):
 PSYoungGen      total 19456K, used 1015K [0x00000000d5580000, 0x00000000d7280000, 0x0000000100000000)
  eden space 18432K, 0% used [0x00000000d5580000,0x00000000d5580000,0x00000000d6780000)
  from space 1024K, 99% used [0x00000000d6e80000,0x00000000d6f7dc40,0x00000000d6f80000)
  to   space 3072K, 0% used [0x00000000d6f80000,0x00000000d6f80000,0x00000000d7280000)
 ParOldGen       total 68608K, used 41882K [0x0000000080000000, 0x0000000084300000, 0x00000000d5580000)
  object space 68608K, 61% used [0x0000000080000000,0x00000000828e6818,0x0000000084300000)
 Metaspace       used 55169K, committed 56256K, reserved 1114112K
  class space    used 6280K, committed 6720K, reserved 1048576K
}
Event: 134.335 GC heap before
{Heap before GC invocations=34 (full 2):
 PSYoungGen      total 19456K, used 19447K [0x00000000d5580000, 0x00000000d7280000, 0x0000000100000000)
  eden space 18432K, 100% used [0x00000000d5580000,0x00000000d6780000,0x00000000d6780000)
  from space 1024K, 99% used [0x00000000d6e80000,0x00000000d6f7dc40,0x00000000d6f80000)
  to   space 3072K, 0% used [0x00000000d6f80000,0x00000000d6f80000,0x00000000d7280000)
 ParOldGen       total 68608K, used 41882K [0x0000000080000000, 0x0000000084300000, 0x00000000d5580000)
  object space 68608K, 61% used [0x0000000080000000,0x00000000828e6818,0x0000000084300000)
 Metaspace       used 56072K, committed 57152K, reserved 1114112K
  class space    used 6466K, committed 6912K, reserved 1048576K
}
Event: 134.377 GC heap after
{Heap after GC invocations=34 (full 2):
 PSYoungGen      total 19456K, used 720K [0x00000000d5580000, 0x00000000d7080000, 0x0000000100000000)
  eden space 18432K, 0% used [0x00000000d5580000,0x00000000d5580000,0x00000000d6780000)
  from space 1024K, 70% used [0x00000000d6f80000,0x00000000d7034010,0x00000000d7080000)
  to   space 2560K, 0% used [0x00000000d6b80000,0x00000000d6b80000,0x00000000d6e00000)
 ParOldGen       total 68608K, used 42867K [0x0000000080000000, 0x0000000084300000, 0x00000000d5580000)
  object space 68608K, 62% used [0x0000000080000000,0x00000000829dce00,0x0000000084300000)
 Metaspace       used 56072K, committed 57152K, reserved 1114112K
  class space    used 6466K, committed 6912K, reserved 1048576K
}
Event: 141.397 GC heap before
{Heap before GC invocations=35 (full 2):
 PSYoungGen      total 19456K, used 19152K [0x00000000d5580000, 0x00000000d7080000, 0x0000000100000000)
  eden space 18432K, 100% used [0x00000000d5580000,0x00000000d6780000,0x00000000d6780000)
  from space 1024K, 70% used [0x00000000d6f80000,0x00000000d7034010,0x00000000d7080000)
  to   space 2560K, 0% used [0x00000000d6b80000,0x00000000d6b80000,0x00000000d6e00000)
 ParOldGen       total 68608K, used 42867K [0x0000000080000000, 0x0000000084300000, 0x00000000d5580000)
  object space 68608K, 62% used [0x0000000080000000,0x00000000829dce00,0x0000000084300000)
 Metaspace       used 58057K, committed 59264K, reserved 1114112K
  class space    used 6798K, committed 7296K, reserved 1048576K
}
Event: 141.497 GC heap after
{Heap after GC invocations=35 (full 2):
 PSYoungGen      total 20992K, used 576K [0x00000000d5580000, 0x00000000d7000000, 0x0000000100000000)
  eden space 18432K, 0% used [0x00000000d5580000,0x00000000d5580000,0x00000000d6780000)
  from space 2560K, 22% used [0x00000000d6b80000,0x00000000d6c10010,0x00000000d6e00000)
  to   space 1024K, 0% used [0x00000000d6f00000,0x00000000d6f00000,0x00000000d7000000)
 ParOldGen       total 68608K, used 43579K [0x0000000080000000, 0x0000000084300000, 0x00000000d5580000)
  object space 68608K, 63% used [0x0000000080000000,0x0000000082a8ee30,0x0000000084300000)
 Metaspace       used 58057K, committed 59264K, reserved 1114112K
  class space    used 6798K, committed 7296K, reserved 1048576K
}
Event: 143.270 GC heap before
{Heap before GC invocations=36 (full 2):
 PSYoungGen      total 20992K, used 5509K [0x00000000d5580000, 0x00000000d7000000, 0x0000000100000000)
  eden space 18432K, 26% used [0x00000000d5580000,0x00000000d5a51578,0x00000000d6780000)
  from space 2560K, 22% used [0x00000000d6b80000,0x00000000d6c10010,0x00000000d6e00000)
  to   space 1024K, 0% used [0x00000000d6f00000,0x00000000d6f00000,0x00000000d7000000)
 ParOldGen       total 68608K, used 43579K [0x0000000080000000, 0x0000000084300000, 0x00000000d5580000)
  object space 68608K, 63% used [0x0000000080000000,0x0000000082a8ee30,0x0000000084300000)
 Metaspace       used 58545K, committed 59776K, reserved 1114112K
  class space    used 6880K, committed 7424K, reserved 1048576K
}
Event: 143.278 GC heap after
{Heap after GC invocations=36 (full 2):
 PSYoungGen      total 18944K, used 160K [0x00000000d5580000, 0x00000000d6f80000, 0x0000000100000000)
  eden space 18432K, 0% used [0x00000000d5580000,0x00000000d5580000,0x00000000d6780000)
  from space 512K, 31% used [0x00000000d6f00000,0x00000000d6f28000,0x00000000d6f80000)
  to   space 512K, 0% used [0x00000000d6e80000,0x00000000d6e80000,0x00000000d6f00000)
 ParOldGen       total 68608K, used 44147K [0x0000000080000000, 0x0000000084300000, 0x00000000d5580000)
  object space 68608K, 64% used [0x0000000080000000,0x0000000082b1ce50,0x0000000084300000)
 Metaspace       used 58545K, committed 59776K, reserved 1114112K
  class space    used 6880K, committed 7424K, reserved 1048576K
}
Event: 143.278 GC heap before
{Heap before GC invocations=37 (full 3):
 PSYoungGen      total 18944K, used 160K [0x00000000d5580000, 0x00000000d6f80000, 0x0000000100000000)
  eden space 18432K, 0% used [0x00000000d5580000,0x00000000d5580000,0x00000000d6780000)
  from space 512K, 31% used [0x00000000d6f00000,0x00000000d6f28000,0x00000000d6f80000)
  to   space 512K, 0% used [0x00000000d6e80000,0x00000000d6e80000,0x00000000d6f00000)
 ParOldGen       total 68608K, used 44147K [0x0000000080000000, 0x0000000084300000, 0x00000000d5580000)
  object space 68608K, 64% used [0x0000000080000000,0x0000000082b1ce50,0x0000000084300000)
 Metaspace       used 58545K, committed 59776K, reserved 1114112K
  class space    used 6880K, committed 7424K, reserved 1048576K
}
Event: 143.615 GC heap after
{Heap after GC invocations=37 (full 3):
 PSYoungGen      total 18944K, used 0K [0x00000000d5580000, 0x00000000d6f80000, 0x0000000100000000)
  eden space 18432K, 0% used [0x00000000d5580000,0x00000000d5580000,0x00000000d6780000)
  from space 512K, 0% used [0x00000000d6f00000,0x00000000d6f00000,0x00000000d6f80000)
  to   space 512K, 0% used [0x00000000d6e80000,0x00000000d6e80000,0x00000000d6f00000)
 ParOldGen       total 68608K, used 39896K [0x0000000080000000, 0x0000000084300000, 0x00000000d5580000)
  object space 68608K, 58% used [0x0000000080000000,0x00000000826f60b8,0x0000000084300000)
 Metaspace       used 58545K, committed 59776K, reserved 1114112K
  class space    used 6880K, committed 7424K, reserved 1048576K
}

